<?xml version="1.0" encoding="UTF-8"?>
<!-- Generated by org.testng.reporters.JUnitXMLReporter -->
<testsuite ignored="0" hostname="DESKTOP-BRTJUVU" failures="0" tests="6" name="Default test" time="327.771" errors="0" timestamp="17 Sep 2021 10:17:03 GMT">
  <testcase classname="Test_layer.IMP" name="Step1" time="12.166"/>
  <testcase classname="Test_layer.IMP" name="Step2" time="86.357"/>
  <testcase classname="Test_layer.IMP" name="Step3" time="55.331"/>
  <testcase classname="Test_layer.IMP" name="Step4" time="44.164"/>
  <testcase classname="Test_layer.IMP" name="Step5" time="76.389"/>
  <testcase classname="Test_layer.IMP" name="Step6" time="53.311"/>
</testsuite> <!-- Default test -->
