<?xml version="1.0" encoding="UTF-8"?>
<!-- Generated by org.testng.reporters.JUnitXMLReporter -->
<testsuite ignored="0" hostname="NEOLAP000003845" failures="0" tests="6" name="Default test" time="344.833" errors="0" timestamp="08 Oct 2021 19:49:04 GMT">
  <testcase classname="Test_layer.IMP" name="Step1" time="14.712"/>
  <testcase classname="Test_layer.IMP" name="Step2" time="90.024"/>
  <testcase classname="Test_layer.IMP" name="Step3" time="58.006"/>
  <testcase classname="Test_layer.IMP" name="Step4" time="45.586"/>
  <testcase classname="Test_layer.IMP" name="Step5" time="78.292"/>
  <testcase classname="Test_layer.IMP" name="Step6" time="58.109"/>
</testsuite> <!-- Default test -->
