<?xml version="1.0" encoding="UTF-8"?>
<testng-results ignored="0" total="6" passed="6" failed="0" skipped="0">
  <reporter-output>
  </reporter-output>
  <suite started-at="2021-10-08T19:43:19Z" name="Default suite" finished-at="2021-10-08T19:49:04Z" duration-ms="344833">
    <groups>
    </groups>
    <test started-at="2021-10-08T19:43:19Z" name="Default test" finished-at="2021-10-08T19:49:04Z" duration-ms="344833">
      <class name="Test_layer.IMP">
        <test-method is-config="true" signature="logger()[pri:0, instance:Test_layer.IMP@7f36662c]" started-at="2021-10-08T19:43:19Z" name="logger" finished-at="2021-10-08T19:43:19Z" duration-ms="287" status="PASS">
          <reporter-output>
          </reporter-output>
        </test-method> <!-- logger -->
        <test-method signature="Step1()[pri:1, instance:Test_layer.IMP@7f36662c]" started-at="2021-10-08T19:43:19Z" name="Step1" finished-at="2021-10-08T19:43:34Z" duration-ms="14712" status="PASS">
          <reporter-output>
          </reporter-output>
        </test-method> <!-- Step1 -->
        <test-method is-config="true" signature="teardown(org.testng.ITestResult)[pri:0, instance:Test_layer.IMP@7f36662c]" started-at="2021-10-08T19:43:34Z" name="teardown" finished-at="2021-10-08T19:43:34Z" duration-ms="6" status="PASS">
          <params>
            <param index="0">
              <value>
                <![CDATA[[TestResult name=Step1 status=SUCCESS method=IMP.Step1()[pri:1, instance:Test_layer.IMP@7f36662c] output={null}]]]>
              </value>
            </param>
          </params>
          <reporter-output>
          </reporter-output>
        </test-method> <!-- teardown -->
        <test-method signature="Step2()[pri:2, instance:Test_layer.IMP@7f36662c]" started-at="2021-10-08T19:43:34Z" name="Step2" finished-at="2021-10-08T19:45:04Z" duration-ms="90024" status="PASS">
          <reporter-output>
          </reporter-output>
        </test-method> <!-- Step2 -->
        <test-method is-config="true" signature="teardown(org.testng.ITestResult)[pri:0, instance:Test_layer.IMP@7f36662c]" started-at="2021-10-08T19:45:04Z" name="teardown" finished-at="2021-10-08T19:45:04Z" duration-ms="1" status="PASS">
          <params>
            <param index="0">
              <value>
                <![CDATA[[TestResult name=Step2 status=SUCCESS method=IMP.Step2()[pri:2, instance:Test_layer.IMP@7f36662c] output={null}]]]>
              </value>
            </param>
          </params>
          <reporter-output>
          </reporter-output>
        </test-method> <!-- teardown -->
        <test-method signature="Step3()[pri:3, instance:Test_layer.IMP@7f36662c]" started-at="2021-10-08T19:45:04Z" name="Step3" finished-at="2021-10-08T19:46:02Z" duration-ms="58006" status="PASS">
          <reporter-output>
          </reporter-output>
        </test-method> <!-- Step3 -->
        <test-method is-config="true" signature="teardown(org.testng.ITestResult)[pri:0, instance:Test_layer.IMP@7f36662c]" started-at="2021-10-08T19:46:02Z" name="teardown" finished-at="2021-10-08T19:46:02Z" duration-ms="2" status="PASS">
          <params>
            <param index="0">
              <value>
                <![CDATA[[TestResult name=Step3 status=SUCCESS method=IMP.Step3()[pri:3, instance:Test_layer.IMP@7f36662c] output={null}]]]>
              </value>
            </param>
          </params>
          <reporter-output>
          </reporter-output>
        </test-method> <!-- teardown -->
        <test-method signature="Step4()[pri:4, instance:Test_layer.IMP@7f36662c]" started-at="2021-10-08T19:46:02Z" name="Step4" finished-at="2021-10-08T19:46:47Z" duration-ms="45586" status="PASS">
          <reporter-output>
          </reporter-output>
        </test-method> <!-- Step4 -->
        <test-method is-config="true" signature="teardown(org.testng.ITestResult)[pri:0, instance:Test_layer.IMP@7f36662c]" started-at="2021-10-08T19:46:47Z" name="teardown" finished-at="2021-10-08T19:46:47Z" duration-ms="2" status="PASS">
          <params>
            <param index="0">
              <value>
                <![CDATA[[TestResult name=Step4 status=SUCCESS method=IMP.Step4()[pri:4, instance:Test_layer.IMP@7f36662c] output={null}]]]>
              </value>
            </param>
          </params>
          <reporter-output>
          </reporter-output>
        </test-method> <!-- teardown -->
        <test-method signature="Step5()[pri:5, instance:Test_layer.IMP@7f36662c]" started-at="2021-10-08T19:46:48Z" name="Step5" finished-at="2021-10-08T19:48:06Z" duration-ms="78292" status="PASS">
          <reporter-output>
          </reporter-output>
        </test-method> <!-- Step5 -->
        <test-method is-config="true" signature="teardown(org.testng.ITestResult)[pri:0, instance:Test_layer.IMP@7f36662c]" started-at="2021-10-08T19:48:06Z" name="teardown" finished-at="2021-10-08T19:48:06Z" duration-ms="2" status="PASS">
          <params>
            <param index="0">
              <value>
                <![CDATA[[TestResult name=Step5 status=SUCCESS method=IMP.Step5()[pri:5, instance:Test_layer.IMP@7f36662c] output={null}]]]>
              </value>
            </param>
          </params>
          <reporter-output>
          </reporter-output>
        </test-method> <!-- teardown -->
        <test-method signature="Step6()[pri:6, instance:Test_layer.IMP@7f36662c]" started-at="2021-10-08T19:48:06Z" name="Step6" finished-at="2021-10-08T19:49:04Z" duration-ms="58109" status="PASS">
          <reporter-output>
          </reporter-output>
        </test-method> <!-- Step6 -->
        <test-method is-config="true" signature="teardown(org.testng.ITestResult)[pri:0, instance:Test_layer.IMP@7f36662c]" started-at="2021-10-08T19:49:04Z" name="teardown" finished-at="2021-10-08T19:49:04Z" duration-ms="1" status="PASS">
          <params>
            <param index="0">
              <value>
                <![CDATA[[TestResult name=Step6 status=SUCCESS method=IMP.Step6()[pri:6, instance:Test_layer.IMP@7f36662c] output={null}]]]>
              </value>
            </param>
          </params>
          <reporter-output>
          </reporter-output>
        </test-method> <!-- teardown -->
        <test-method is-config="true" signature="tear()[pri:0, instance:Test_layer.IMP@7f36662c]" started-at="2021-10-08T19:49:04Z" name="tear" finished-at="2021-10-08T19:49:05Z" duration-ms="976" status="PASS">
          <reporter-output>
          </reporter-output>
        </test-method> <!-- tear -->
      </class> <!-- Test_layer.IMP -->
    </test> <!-- Default test -->
  </suite> <!-- Default suite -->
</testng-results>
