<?xml version="1.0" encoding="UTF-8"?>
<testng-results ignored="0" total="6" passed="6" failed="0" skipped="0">
  <reporter-output>
  </reporter-output>
  <suite started-at="2021-09-17T10:11:35Z" name="Default suite" finished-at="2021-09-17T10:17:03Z" duration-ms="327771">
    <groups>
    </groups>
    <test started-at="2021-09-17T10:11:35Z" name="Default test" finished-at="2021-09-17T10:17:03Z" duration-ms="327771">
      <class name="Test_layer.IMP">
        <test-method is-config="true" signature="logger()[pri:0, instance:Test_layer.IMP@f14a7d4]" started-at="2021-09-17T10:11:35Z" name="logger" finished-at="2021-09-17T10:11:35Z" duration-ms="217" status="PASS">
          <reporter-output>
          </reporter-output>
        </test-method> <!-- logger -->
        <test-method signature="Step1()[pri:1, instance:Test_layer.IMP@f14a7d4]" started-at="2021-09-17T10:11:35Z" name="Step1" finished-at="2021-09-17T10:11:47Z" duration-ms="12166" status="PASS">
          <reporter-output>
          </reporter-output>
        </test-method> <!-- Step1 -->
        <test-method is-config="true" signature="teardown(org.testng.ITestResult)[pri:0, instance:Test_layer.IMP@f14a7d4]" started-at="2021-09-17T10:11:47Z" name="teardown" finished-at="2021-09-17T10:11:47Z" duration-ms="3" status="PASS">
          <params>
            <param index="0">
              <value>
                <![CDATA[[TestResult name=Step1 status=SUCCESS method=IMP.Step1()[pri:1, instance:Test_layer.IMP@f14a7d4] output={null}]]]>
              </value>
            </param>
          </params>
          <reporter-output>
          </reporter-output>
        </test-method> <!-- teardown -->
        <test-method signature="Step2()[pri:2, instance:Test_layer.IMP@f14a7d4]" started-at="2021-09-17T10:11:47Z" name="Step2" finished-at="2021-09-17T10:13:13Z" duration-ms="86357" status="PASS">
          <reporter-output>
          </reporter-output>
        </test-method> <!-- Step2 -->
        <test-method is-config="true" signature="teardown(org.testng.ITestResult)[pri:0, instance:Test_layer.IMP@f14a7d4]" started-at="2021-09-17T10:13:13Z" name="teardown" finished-at="2021-09-17T10:13:13Z" duration-ms="0" status="PASS">
          <params>
            <param index="0">
              <value>
                <![CDATA[[TestResult name=Step2 status=SUCCESS method=IMP.Step2()[pri:2, instance:Test_layer.IMP@f14a7d4] output={null}]]]>
              </value>
            </param>
          </params>
          <reporter-output>
          </reporter-output>
        </test-method> <!-- teardown -->
        <test-method signature="Step3()[pri:3, instance:Test_layer.IMP@f14a7d4]" started-at="2021-09-17T10:13:13Z" name="Step3" finished-at="2021-09-17T10:14:09Z" duration-ms="55331" status="PASS">
          <reporter-output>
          </reporter-output>
        </test-method> <!-- Step3 -->
        <test-method is-config="true" signature="teardown(org.testng.ITestResult)[pri:0, instance:Test_layer.IMP@f14a7d4]" started-at="2021-09-17T10:14:09Z" name="teardown" finished-at="2021-09-17T10:14:09Z" duration-ms="1" status="PASS">
          <params>
            <param index="0">
              <value>
                <![CDATA[[TestResult name=Step3 status=SUCCESS method=IMP.Step3()[pri:3, instance:Test_layer.IMP@f14a7d4] output={null}]]]>
              </value>
            </param>
          </params>
          <reporter-output>
          </reporter-output>
        </test-method> <!-- teardown -->
        <test-method signature="Step4()[pri:4, instance:Test_layer.IMP@f14a7d4]" started-at="2021-09-17T10:14:09Z" name="Step4" finished-at="2021-09-17T10:14:53Z" duration-ms="44164" status="PASS">
          <reporter-output>
          </reporter-output>
        </test-method> <!-- Step4 -->
        <test-method is-config="true" signature="teardown(org.testng.ITestResult)[pri:0, instance:Test_layer.IMP@f14a7d4]" started-at="2021-09-17T10:14:53Z" name="teardown" finished-at="2021-09-17T10:14:53Z" duration-ms="1" status="PASS">
          <params>
            <param index="0">
              <value>
                <![CDATA[[TestResult name=Step4 status=SUCCESS method=IMP.Step4()[pri:4, instance:Test_layer.IMP@f14a7d4] output={null}]]]>
              </value>
            </param>
          </params>
          <reporter-output>
          </reporter-output>
        </test-method> <!-- teardown -->
        <test-method signature="Step5()[pri:5, instance:Test_layer.IMP@f14a7d4]" started-at="2021-09-17T10:14:53Z" name="Step5" finished-at="2021-09-17T10:16:09Z" duration-ms="76389" status="PASS">
          <reporter-output>
          </reporter-output>
        </test-method> <!-- Step5 -->
        <test-method is-config="true" signature="teardown(org.testng.ITestResult)[pri:0, instance:Test_layer.IMP@f14a7d4]" started-at="2021-09-17T10:16:09Z" name="teardown" finished-at="2021-09-17T10:16:09Z" duration-ms="0" status="PASS">
          <params>
            <param index="0">
              <value>
                <![CDATA[[TestResult name=Step5 status=SUCCESS method=IMP.Step5()[pri:5, instance:Test_layer.IMP@f14a7d4] output={null}]]]>
              </value>
            </param>
          </params>
          <reporter-output>
          </reporter-output>
        </test-method> <!-- teardown -->
        <test-method signature="Step6()[pri:6, instance:Test_layer.IMP@f14a7d4]" started-at="2021-09-17T10:16:09Z" name="Step6" finished-at="2021-09-17T10:17:03Z" duration-ms="53311" status="PASS">
          <reporter-output>
          </reporter-output>
        </test-method> <!-- Step6 -->
        <test-method is-config="true" signature="teardown(org.testng.ITestResult)[pri:0, instance:Test_layer.IMP@f14a7d4]" started-at="2021-09-17T10:17:03Z" name="teardown" finished-at="2021-09-17T10:17:03Z" duration-ms="1" status="PASS">
          <params>
            <param index="0">
              <value>
                <![CDATA[[TestResult name=Step6 status=SUCCESS method=IMP.Step6()[pri:6, instance:Test_layer.IMP@f14a7d4] output={null}]]]>
              </value>
            </param>
          </params>
          <reporter-output>
          </reporter-output>
        </test-method> <!-- teardown -->
        <test-method is-config="true" signature="tear()[pri:0, instance:Test_layer.IMP@f14a7d4]" started-at="2021-09-17T10:17:03Z" name="tear" finished-at="2021-09-17T10:17:03Z" duration-ms="473" status="PASS">
          <reporter-output>
          </reporter-output>
        </test-method> <!-- tear -->
      </class> <!-- Test_layer.IMP -->
    </test> <!-- Default test -->
  </suite> <!-- Default suite -->
</testng-results>
